<?xml version="1.0" encoding="UTF-8"?>
<!-- Generated by org.testng.reporters.JUnitReportReporter -->
<testsuite hostname="JEET" failures="0" tests="2" name="com.qa.TestPages.LoginpageTest" time="37.891" errors="2" timestamp="2020-08-16T18:08:39 IST" skipped="0">
  <testcase classname="com.qa.TestPages.LoginpageTest" name="titleCheck" time="19.741">
    <error type="java.lang.NullPointerException">
      <![CDATA[java.lang.NullPointerException
at com.qa.TestPages.LoginpageTest.titleCheck(LoginpageTest.java:28)
]]>
    </error>
  </testcase> <!-- titleCheck -->
  <testcase classname="com.qa.TestPages.LoginpageTest" name="getLoggedIn" time="18.150">
    <error type="java.lang.NullPointerException">
      <![CDATA[java.lang.NullPointerException
at com.qa.TestPages.LoginpageTest.getLoggedIn(LoginpageTest.java:37)
]]>
    </error>
  </testcase> <!-- getLoggedIn -->
</testsuite> <!-- com.qa.TestPages.LoginpageTest -->
